<?xml version="1.0" encoding="UTF-8"?>
<!-- Generated by org.testng.reporters.JUnitXMLReporter -->
<testsuite ignored="0" hostname="Mahesh" failures="0" tests="4" name="Default test" time="17.201" errors="0" timestamp="2024-05-01T10:03:16 IST">
  <testcase classname="api.testcases.UserTest2" name="testCreateUser" time="8.214"/>
  <testcase classname="api.testcases.UserTest2" name="testGetUser" time="1.54"/>
  <testcase classname="api.testcases.UserTest2" name="testUpdateUser" time="2.774"/>
  <testcase classname="api.testcases.UserTest2" name="testDeleteUser" time="2.256"/>
</testsuite> <!-- Default test -->
