<?xml version="1.0" encoding="UTF-8"?>
<!-- Generated by org.testng.reporters.JUnitXMLReporter -->
<testsuite ignored="0" hostname="Mahesh" failures="0" tests="4" name="Test" time="21.74" errors="0" timestamp="2024-05-01T09:09:59 IST">
  <testcase classname="api.testcases.UserTest" name="testCreateUser" time="9.528"/>
  <testcase classname="api.testcases.UserTest" name="testGetUser" time="1.571"/>
  <testcase classname="api.testcases.UserTest" name="testUpdateUser" time="2.382"/>
  <testcase classname="api.testcases.UserTest" name="testDeleteUser" time="1.344"/>
</testsuite> <!-- Test -->
