<?xml version="1.0" encoding="UTF-8"?>
<testng-results ignored="0" total="4" passed="4" failed="0" skipped="0">
  <reporter-output>
  </reporter-output>
  <suite started-at="2024-05-01T15:34:43 IST" name="Suite" finished-at="2024-05-01T15:34:58 IST" duration-ms="14414">
    <groups>
    </groups>
    <test started-at="2024-05-01T15:34:43 IST" name="Test" finished-at="2024-05-01T15:34:58 IST" duration-ms="14414">
      <class name="api.testcases.UserTest">
        <test-method is-config="true" signature="generateTestData()[pri:0, instance:api.testcases.UserTest@43195e57]" started-at="2024-05-01T15:34:44 IST" name="generateTestData" finished-at="2024-05-01T15:34:46 IST" duration-ms="1957" status="PASS">
          <reporter-output>
          </reporter-output>
        </test-method> <!-- generateTestData -->
        <test-method signature="testCreateUser()[pri:1, instance:api.testcases.UserTest@43195e57]" started-at="2024-05-01T15:34:46 IST" name="testCreateUser" finished-at="2024-05-01T15:34:51 IST" duration-ms="5033" status="PASS">
          <reporter-output>
          </reporter-output>
        </test-method> <!-- testCreateUser -->
        <test-method signature="testGetUser()[pri:2, instance:api.testcases.UserTest@43195e57]" started-at="2024-05-01T15:34:51 IST" name="testGetUser" finished-at="2024-05-01T15:34:53 IST" duration-ms="1790" status="PASS">
          <reporter-output>
          </reporter-output>
        </test-method> <!-- testGetUser -->
        <test-method signature="testUpdateUser()[pri:3, instance:api.testcases.UserTest@43195e57]" started-at="2024-05-01T15:34:53 IST" name="testUpdateUser" finished-at="2024-05-01T15:34:56 IST" duration-ms="3274" status="PASS">
          <reporter-output>
          </reporter-output>
        </test-method> <!-- testUpdateUser -->
        <test-method signature="testDeleteUser()[pri:4, instance:api.testcases.UserTest@43195e57]" started-at="2024-05-01T15:34:56 IST" name="testDeleteUser" finished-at="2024-05-01T15:34:58 IST" duration-ms="1842" status="PASS">
          <reporter-output>
          </reporter-output>
        </test-method> <!-- testDeleteUser -->
      </class> <!-- api.testcases.UserTest -->
    </test> <!-- Test -->
  </suite> <!-- Suite -->
</testng-results>
